2022-05-09 21:37:11.569  INFO 2996 --- [restartedMain] c.capgemini.ProfileServiceFbApplication  : Starting ProfileServiceFbApplication using Java 17.0.2 on LAPTOP-TMU92STI with PID 2996 (C:\Users\Jaswant Rawat\Documents\workspace-spring-tool-suite-4-4.14.0.RELEASE\ProfileServiceFb\target\classes started by Jaswant Rawat in C:\Users\Jaswant Rawat\Documents\workspace-spring-tool-suite-4-4.14.0.RELEASE\ProfileServiceFb)
2022-05-09 21:37:11.571  INFO 2996 --- [restartedMain] c.capgemini.ProfileServiceFbApplication  : No active profile set, falling back to 1 default profile: "default"
2022-05-09 21:37:11.609  INFO 2996 --- [restartedMain] .e.DevToolsPropertyDefaultsPostProcessor : Devtools property defaults active! Set 'spring.devtools.add-properties' to 'false' to disable
2022-05-09 21:37:11.615  INFO 2996 --- [restartedMain] .e.DevToolsPropertyDefaultsPostProcessor : For additional web related logging consider setting the 'logging.level.web' property to 'DEBUG'
2022-05-09 21:37:12.344  INFO 2996 --- [restartedMain] .s.d.r.c.RepositoryConfigurationDelegate : Bootstrapping Spring Data MongoDB repositories in DEFAULT mode.
2022-05-09 21:37:12.444  INFO 2996 --- [restartedMain] .s.d.r.c.RepositoryConfigurationDelegate : Finished Spring Data repository scanning in 96 ms. Found 1 MongoDB repository interfaces.
2022-05-09 21:37:12.678  INFO 2996 --- [restartedMain] o.s.cloud.context.scope.GenericScope     : BeanFactory id=7514e4b3-9360-323c-bd44-3340f0066069
2022-05-09 21:37:13.101  INFO 2996 --- [restartedMain] o.s.b.w.embedded.tomcat.TomcatWebServer  : Tomcat initialized with port(s): 8082 (http)
2022-05-09 21:37:13.110  INFO 2996 --- [restartedMain] o.apache.catalina.core.StandardService   : Starting service [Tomcat]
2022-05-09 21:37:13.110  INFO 2996 --- [restartedMain] org.apache.catalina.core.StandardEngine  : Starting Servlet engine: [Apache Tomcat/9.0.62]
2022-05-09 21:37:13.178  INFO 2996 --- [restartedMain] o.a.c.c.C.[Tomcat].[localhost].[/]       : Initializing Spring embedded WebApplicationContext
2022-05-09 21:37:13.178  INFO 2996 --- [restartedMain] w.s.c.ServletWebServerApplicationContext : Root WebApplicationContext: initialization completed in 1562 ms
2022-05-09 21:37:13.439  INFO 2996 --- [restartedMain] org.mongodb.driver.cluster               : Cluster created with settings {hosts=[127.0.0.1:27017], srvHost=test.9ogkc.mongodb.net, mode=MULTIPLE, requiredClusterType=REPLICA_SET, serverSelectionTimeout='30000 ms', requiredReplicaSetName='atlas-390ewj-shard-0'}
2022-05-09 21:37:13.456  INFO 2996 --- [cluster-ClusterId{value='62793c31d476fb5b87258f5d', description='null'}-srv-test.9ogkc.mongodb.net] org.mongodb.driver.cluster               : Adding discovered server test-shard-00-00.9ogkc.mongodb.net:27017 to client view of cluster
2022-05-09 21:37:13.484  INFO 2996 --- [cluster-ClusterId{value='62793c31d476fb5b87258f5d', description='null'}-srv-test.9ogkc.mongodb.net] org.mongodb.driver.cluster               : Adding discovered server test-shard-00-01.9ogkc.mongodb.net:27017 to client view of cluster
2022-05-09 21:37:13.485  INFO 2996 --- [cluster-ClusterId{value='62793c31d476fb5b87258f5d', description='null'}-srv-test.9ogkc.mongodb.net] org.mongodb.driver.cluster               : Adding discovered server test-shard-00-02.9ogkc.mongodb.net:27017 to client view of cluster
2022-05-09 21:37:13.508  WARN 2996 --- [restartedMain] o.s.data.convert.CustomConversions       : Registering converter from class java.time.LocalDateTime to class org.joda.time.LocalDateTime as reading converter although it doesn't convert from a store-supported type! You might want to check your annotation setup at the converter implementation.
2022-05-09 21:37:13.593  WARN 2996 --- [restartedMain] o.s.b.d.a.OptionalLiveReloadServer       : Unable to start LiveReload server
2022-05-09 21:37:13.628  WARN 2996 --- [restartedMain] o.s.data.convert.CustomConversions       : Registering converter from class java.time.LocalDateTime to class org.joda.time.LocalDateTime as reading converter although it doesn't convert from a store-supported type! You might want to check your annotation setup at the converter implementation.
2022-05-09 21:37:13.729  WARN 2996 --- [restartedMain] ConfigServletWebServerApplicationContext : Exception encountered during context initialization - cancelling refresh attempt: org.springframework.beans.factory.BeanCreationException: Error creating bean with name 'globalExceptionHandler': Injection of autowired dependencies failed; nested exception is java.lang.IllegalArgumentException: Could not resolve placeholder 'data.exception.dataExists' in value "${data.exception.dataExists}"
2022-05-09 21:37:13.738  INFO 2996 --- [restartedMain] o.apache.catalina.core.StandardService   : Stopping service [Tomcat]
2022-05-09 21:37:13.755  INFO 2996 --- [restartedMain] ConditionEvaluationReportLoggingListener : 

Error starting ApplicationContext. To display the conditions report re-run your application with 'debug' enabled.
2022-05-09 21:37:13.778 ERROR 2996 --- [restartedMain] o.s.boot.SpringApplication               : Application run failed

org.springframework.beans.factory.BeanCreationException: Error creating bean with name 'globalExceptionHandler': Injection of autowired dependencies failed; nested exception is java.lang.IllegalArgumentException: Could not resolve placeholder 'data.exception.dataExists' in value "${data.exception.dataExists}"
	at org.springframework.beans.factory.annotation.AutowiredAnnotationBeanPostProcessor.postProcessProperties(AutowiredAnnotationBeanPostProcessor.java:405) ~[spring-beans-5.3.19.jar:5.3.19]
	at org.springframework.beans.factory.support.AbstractAutowireCapableBeanFactory.populateBean(AbstractAutowireCapableBeanFactory.java:1431) ~[spring-beans-5.3.19.jar:5.3.19]
	at org.springframework.beans.factory.support.AbstractAutowireCapableBeanFactory.doCreateBean(AbstractAutowireCapableBeanFactory.java:619) ~[spring-beans-5.3.19.jar:5.3.19]
	at org.springframework.beans.factory.support.AbstractAutowireCapableBeanFactory.createBean(AbstractAutowireCapableBeanFactory.java:542) ~[spring-beans-5.3.19.jar:5.3.19]
	at org.springframework.beans.factory.support.AbstractBeanFactory.lambda$doGetBean$0(AbstractBeanFactory.java:335) ~[spring-beans-5.3.19.jar:5.3.19]
	at org.springframework.beans.factory.support.DefaultSingletonBeanRegistry.getSingleton(DefaultSingletonBeanRegistry.java:234) ~[spring-beans-5.3.19.jar:5.3.19]
	at org.springframework.beans.factory.support.AbstractBeanFactory.doGetBean(AbstractBeanFactory.java:333) ~[spring-beans-5.3.19.jar:5.3.19]
	at org.springframework.beans.factory.support.AbstractBeanFactory.getBean(AbstractBeanFactory.java:208) ~[spring-beans-5.3.19.jar:5.3.19]
	at org.springframework.beans.factory.support.DefaultListableBeanFactory.preInstantiateSingletons(DefaultListableBeanFactory.java:953) ~[spring-beans-5.3.19.jar:5.3.19]
	at org.springframework.context.support.AbstractApplicationContext.finishBeanFactoryInitialization(AbstractApplicationContext.java:918) ~[spring-context-5.3.19.jar:5.3.19]
	at org.springframework.context.support.AbstractApplicationContext.refresh(AbstractApplicationContext.java:583) ~[spring-context-5.3.19.jar:5.3.19]
	at org.springframework.boot.web.servlet.context.ServletWebServerApplicationContext.refresh(ServletWebServerApplicationContext.java:145) ~[spring-boot-2.6.7.jar:2.6.7]
	at org.springframework.boot.SpringApplication.refresh(SpringApplication.java:740) ~[spring-boot-2.6.7.jar:2.6.7]
	at org.springframework.boot.SpringApplication.refreshContext(SpringApplication.java:415) ~[spring-boot-2.6.7.jar:2.6.7]
	at org.springframework.boot.SpringApplication.run(SpringApplication.java:303) ~[spring-boot-2.6.7.jar:2.6.7]
	at org.springframework.boot.SpringApplication.run(SpringApplication.java:1312) ~[spring-boot-2.6.7.jar:2.6.7]
	at org.springframework.boot.SpringApplication.run(SpringApplication.java:1301) ~[spring-boot-2.6.7.jar:2.6.7]
	at com.capgemini.ProfileServiceFbApplication.main(ProfileServiceFbApplication.java:12) ~[classes/:na]
	at java.base/jdk.internal.reflect.NativeMethodAccessorImpl.invoke0(Native Method) ~[na:na]
	at java.base/jdk.internal.reflect.NativeMethodAccessorImpl.invoke(NativeMethodAccessorImpl.java:77) ~[na:na]
	at java.base/jdk.internal.reflect.DelegatingMethodAccessorImpl.invoke(DelegatingMethodAccessorImpl.java:43) ~[na:na]
	at java.base/java.lang.reflect.Method.invoke(Method.java:568) ~[na:na]
	at org.springframework.boot.devtools.restart.RestartLauncher.run(RestartLauncher.java:49) ~[spring-boot-devtools-2.6.7.jar:2.6.7]
Caused by: java.lang.IllegalArgumentException: Could not resolve placeholder 'data.exception.dataExists' in value "${data.exception.dataExists}"
	at org.springframework.util.PropertyPlaceholderHelper.parseStringValue(PropertyPlaceholderHelper.java:180) ~[spring-core-5.3.19.jar:5.3.19]
	at org.springframework.util.PropertyPlaceholderHelper.replacePlaceholders(PropertyPlaceholderHelper.java:126) ~[spring-core-5.3.19.jar:5.3.19]
	at org.springframework.core.env.AbstractPropertyResolver.doResolvePlaceholders(AbstractPropertyResolver.java:239) ~[spring-core-5.3.19.jar:5.3.19]
	at org.springframework.core.env.AbstractPropertyResolver.resolveRequiredPlaceholders(AbstractPropertyResolver.java:210) ~[spring-core-5.3.19.jar:5.3.19]
	at org.springframework.context.support.PropertySourcesPlaceholderConfigurer.lambda$processProperties$0(PropertySourcesPlaceholderConfigurer.java:191) ~[spring-context-5.3.19.jar:5.3.19]
	at org.springframework.beans.factory.support.AbstractBeanFactory.resolveEmbeddedValue(AbstractBeanFactory.java:936) ~[spring-beans-5.3.19.jar:5.3.19]
	at org.springframework.beans.factory.support.DefaultListableBeanFactory.doResolveDependency(DefaultListableBeanFactory.java:1330) ~[spring-beans-5.3.19.jar:5.3.19]
	at org.springframework.beans.factory.support.DefaultListableBeanFactory.resolveDependency(DefaultListableBeanFactory.java:1309) ~[spring-beans-5.3.19.jar:5.3.19]
	at org.springframework.beans.factory.annotation.AutowiredAnnotationBeanPostProcessor$AutowiredFieldElement.resolveFieldValue(AutowiredAnnotationBeanPostProcessor.java:656) ~[spring-beans-5.3.19.jar:5.3.19]
	at org.springframework.beans.factory.annotation.AutowiredAnnotationBeanPostProcessor$AutowiredFieldElement.inject(AutowiredAnnotationBeanPostProcessor.java:639) ~[spring-beans-5.3.19.jar:5.3.19]
	at org.springframework.beans.factory.annotation.InjectionMetadata.inject(InjectionMetadata.java:119) ~[spring-beans-5.3.19.jar:5.3.19]
	at org.springframework.beans.factory.annotation.AutowiredAnnotationBeanPostProcessor.postProcessProperties(AutowiredAnnotationBeanPostProcessor.java:399) ~[spring-beans-5.3.19.jar:5.3.19]
	... 22 common frames omitted

